17:28:10.694 [https-jsse-nio-443-exec-9] INFO  c.e.u.p.controller.ClienteController - Se agregó un nuevo cliente con cédula: 242008, y correo: juangoru@unisabana.edu.co
17:29:48.350 [https-jsse-nio-443-exec-10] WARN  c.e.u.p.controller.ClienteController - No se pudo afiliar al cliente con cédula: 242208, debido a : El cliente no se encuentra registrado
17:30:04.118 [https-jsse-nio-443-exec-9] INFO  c.e.u.p.controller.ClienteController - Se ha afiliado a puntos al cliente con cédula: 242008
17:30:05.336 [https-jsse-nio-443-exec-10] WARN  c.e.u.p.controller.ClienteController - No se pudo afiliar al cliente con cédula: 242008, debido a : El cliente ya se encuentra afiliado
17:30:41.685 [https-jsse-nio-443-exec-9] WARN  c.e.u.p.controller.ClienteController - No se pudo afiliar al cliente con cédula: 242008, debido a : El cliente ya se encuentra afiliado
17:31:06.395 [https-jsse-nio-443-exec-10] WARN  c.e.u.p.controller.ClienteController - No se pudo realizar la compra para el cliente con cédula: 20000, debido a: Esta cedula no esta registrada en puntos 
17:31:09.224 [https-jsse-nio-443-exec-9] WARN  c.e.u.p.controller.ClienteController - No se pudo realizar la compra para el cliente con cédula: 20000, debido a: Esta cedula no esta registrada en puntos 
17:31:18.391 [https-jsse-nio-443-exec-10] INFO  c.e.u.p.controller.ClienteController - Se ha hecho un compra por valor de $100000, para el cliente con cédula: 242008
17:32:58.695 [https-jsse-nio-443-exec-9] WARN  c.e.u.p.controller.ClienteController - El beneficio no se pudo redimir con ID: 2 para el cliente con cédula: 24444656 debido a: El cliente no esta registrado en puntos o no existe el beneficio
17:32:58.893 [https-jsse-nio-443-exec-10] WARN  c.e.u.p.controller.ClienteController - El beneficio no se pudo redimir con ID: 2 para el cliente con cédula: 24444656 debido a: El cliente no esta registrado en puntos o no existe el beneficio
17:33:05.545 [https-jsse-nio-443-exec-9] WARN  c.e.u.p.controller.ClienteController - El beneficio no se pudo redimir con ID: 2 para el cliente con cédula: 24444656 debido a: El cliente no esta registrado en puntos o no existe el beneficio
17:41:20.876 [https-jsse-nio-443-exec-10] WARN  c.e.u.p.controller.ClienteController - El beneficio no se pudo redimir con ID: 2 para el cliente con cédula: 244008 debido a: El cliente no esta registrado en puntos o no existe el beneficio
17:41:27.619 [https-jsse-nio-443-exec-9] WARN  c.e.u.p.controller.ClienteController - El beneficio no se pudo redimir con ID: 2 para el cliente con cédula: 244008 debido a: El cliente no esta registrado en puntos o no existe el beneficio
17:41:37.734 [https-jsse-nio-443-exec-10] WARN  c.e.u.p.controller.ClienteController - El beneficio no se pudo redimir con ID: 2 para el cliente con cédula: 242200 debido a: El cliente no esta registrado en puntos o no existe el beneficio
17:41:39.534 [https-jsse-nio-443-exec-9] WARN  c.e.u.p.controller.ClienteController - El beneficio no se pudo redimir con ID: 2 para el cliente con cédula: 242200 debido a: El cliente no esta registrado en puntos o no existe el beneficio
17:41:57.587 [https-jsse-nio-443-exec-10] WARN  c.e.u.p.controller.ClienteController - El beneficio no se pudo redimir con ID: 2 para el cliente con cédula: 2422008 debido a: El cliente no esta registrado en puntos o no existe el beneficio
17:42:03.861 [https-jsse-nio-443-exec-9] WARN  c.e.u.p.controller.ClienteController - El beneficio no se pudo redimir con ID: 2 para el cliente con cédula: 242008 debido a: No tiene puntos para ese beneficio
17:42:25.879 [https-jsse-nio-443-exec-10] INFO  c.e.u.p.controller.ClienteController - Se ha hecho un compra por valor de $1000000000, para el cliente con cédula: 242008
17:42:34.571 [https-jsse-nio-443-exec-9] INFO  c.e.u.p.controller.ClienteController - Se remidió el beneficio con ID: 2 para el cliente con cédula: 242008
17:43:33.508 [https-jsse-nio-443-exec-10] WARN  c.e.u.p.c.TransaccionController - No se hallaron transacciones para el cliente con cédula: 545, debido a: No existen transacciones para este usuario
17:43:42.629 [https-jsse-nio-443-exec-9] INFO  c.e.u.p.c.TransaccionController - Se hallaron las transacciones para el cliente con cédula: 242008, las mismas son: [TransaccionDTO(idTransaccion=3, cedula=242008, nombreBeneficio=Lambo, cantidadPuntosGastados=500.0, fechaTransaccion=2023-11-24)]
